==37898== Memcheck, a memory error detector
==37898== Copyright (C) 2002-2022, and GNU GPL'd, by Julian Seward et al.
==37898== Using Valgrind-3.22.0 and LibVEX; rerun with -h for copyright info
==37898== Command: ./main
==37898== Parent PID: 1669
==37898== 
==37898== 
==37898== Process terminating with default action of signal 2 (SIGINT)
==37898==    at 0x4D19A9A: __libc_read (read.c:26)
==37898==    by 0x4D19A9A: read (read.c:24)
==37898==    by 0x12C4CE: LSPClient::await_lsp_response() (LSPClient.cpp:123)
==37898==    by 0x12CC15: LSPClient::lsp_thread() (LSPClient.cpp:174)
==37898==    by 0x142A58: LSPClient::init()::{lambda()#1}::operator()() const (LSPClient.h:39)
==37898==    by 0x14C189: void std::__invoke_impl<void, LSPClient::init()::{lambda()#1}&>(std::__invoke_other, LSPClient::init()::{lambda()#1}&) (invoke.h:61)
==37898==    by 0x14B0C0: std::enable_if<is_invocable_r_v<void, LSPClient::init()::{lambda()#1}&>, void>::type std::__invoke_r<void, LSPClient::init()::{lambda()#1}&>(LSPClient::init()::{lambda()#1}&) (invoke.h:111)
==37898==    by 0x148D35: std::_Function_handler<void (), LSPClient::init()::{lambda()#1}>::_M_invoke(std::_Any_data const&) (std_function.h:290)
==37898==    by 0x1162C5: std::function<void ()>::operator()() const (std_function.h:591)
==37898==    by 0x142729: _thread_trampoline(void*) (Thread.h:10)
==37898==    by 0x4C9AAA3: start_thread (pthread_create.c:447)
==37898==    by 0x4D27A33: clone (clone.S:100)
==37898== 
==37898== HEAP SUMMARY:
==37898==     in use at exit: 191,782 bytes in 143 blocks
==37898==   total heap usage: 2,040 allocs, 1,897 frees, 216,142 bytes allocated
==37898== 
==37898== 3 bytes in 1 blocks are still reachable in loss record 1 of 87
==37898==    at 0x4846828: malloc (in /usr/libexec/valgrind/vgpreload_memcheck-amd64-linux.so)
==37898==    by 0x4CB235E: strdup (strdup.c:42)
==37898==    by 0x5AAE0DA: XOpenDisplay (in /usr/lib/x86_64-linux-gnu/libX11.so.6.4.0)
==37898==    by 0x1CE8F1: _glfwConnectX11 (in /home/susan/clui/main)
==37898==    by 0x1CEA66: _glfwSelectPlatform (in /home/susan/clui/main)
==37898==    by 0x1CF8BC: glfwInit (in /home/susan/clui/main)
==37898==    by 0x175984: InitPlatform (in /home/susan/clui/main)
==37898==    by 0x176A7B: InitWindow (in /home/susan/clui/main)
==37898==    by 0x14193F: main (main.cpp:58)
==37898== 
==37898== 6 bytes in 1 blocks are still reachable in loss record 2 of 87
==37898==    at 0x4846828: malloc (in /usr/libexec/valgrind/vgpreload_memcheck-amd64-linux.so)
==37898==    by 0x4CB235E: strdup (strdup.c:42)
==37898==    by 0x5AAB0CE: XInitExtension (in /usr/lib/x86_64-linux-gnu/libX11.so.6.4.0)
==37898==    by 0x5C1E83F: XextAddDisplay (in /usr/lib/x86_64-linux-gnu/libXext.so.6.4.0)
==37898==    by 0x5C41A5F: ??? (in /usr/lib/x86_64-linux-gnu/libXrandr.so.2.2.0)
==37898==    by 0x5C42C97: XRRQueryExtension (in /usr/lib/x86_64-linux-gnu/libXrandr.so.2.2.0)
==37898==    by 0x1D341E: _glfwInitX11 (in /home/susan/clui/main)
==37898==    by 0x1CF8D0: glfwInit (in /home/susan/clui/main)
==37898==    by 0x175984: InitPlatform (in /home/susan/clui/main)
==37898==    by 0x176A7B: InitWindow (in /home/susan/clui/main)
==37898==    by 0x14193F: main (main.cpp:58)
==37898== 
==37898== 7 bytes in 1 blocks are still reachable in loss record 3 of 87
==37898==    at 0x4846828: malloc (in /usr/libexec/valgrind/vgpreload_memcheck-amd64-linux.so)
==37898==    by 0x4CB3017: strndup (strndup.c:43)
==37898==    by 0x4C35984: _nl_find_locale (findlocale.c:310)
==37898==    by 0x4C38B85: setlocale (setlocale.c:414)
==37898==    by 0x1CE939: _glfwConnectX11 (in /home/susan/clui/main)
==37898==    by 0x1CEA66: _glfwSelectPlatform (in /home/susan/clui/main)
==37898==    by 0x1CF8BC: glfwInit (in /home/susan/clui/main)
==37898==    by 0x175984: InitPlatform (in /home/susan/clui/main)
==37898==    by 0x176A7B: InitWindow (in /home/susan/clui/main)
==37898==    by 0x14193F: main (main.cpp:58)
==37898== 
==37898== 8 bytes in 1 blocks are still reachable in loss record 4 of 87
==37898==    at 0x4846828: malloc (in /usr/libexec/valgrind/vgpreload_memcheck-amd64-linux.so)
==37898==    by 0x4CB235E: strdup (strdup.c:42)
==37898==    by 0x4C38BBD: setlocale (setlocale.c:431)
==37898==    by 0x1CE939: _glfwConnectX11 (in /home/susan/clui/main)
==37898==    by 0x1CEA66: _glfwSelectPlatform (in /home/susan/clui/main)
==37898==    by 0x1CF8BC: glfwInit (in /home/susan/clui/main)
==37898==    by 0x175984: InitPlatform (in /home/susan/clui/main)
==37898==    by 0x176A7B: InitWindow (in /home/susan/clui/main)
==37898==    by 0x14193F: main (main.cpp:58)
==37898== 
==37898== 8 bytes in 1 blocks are still reachable in loss record 5 of 87
==37898==    at 0x4846828: malloc (in /usr/libexec/valgrind/vgpreload_memcheck-amd64-linux.so)
==37898==    by 0x5C1CB16: ??? (in /usr/lib/x86_64-linux-gnu/libXext.so.6.4.0)
==37898==    by 0x5C1E9F6: XextAddDisplay (in /usr/lib/x86_64-linux-gnu/libXext.so.6.4.0)
==37898==    by 0x5C12455: XF86VidModeQueryExtension (in /usr/lib/x86_64-linux-gnu/libXxf86vm.so.1.0.0)
==37898==    by 0x1D3132: _glfwInitX11 (in /home/susan/clui/main)
==37898==    by 0x1CF8D0: glfwInit (in /home/susan/clui/main)
==37898==    by 0x175984: InitPlatform (in /home/susan/clui/main)
==37898==    by 0x176A7B: InitWindow (in /home/susan/clui/main)
==37898==    by 0x14193F: main (main.cpp:58)
==37898== 
==37898== 8 bytes in 1 blocks are still reachable in loss record 6 of 87
==37898==    at 0x4846828: malloc (in /usr/libexec/valgrind/vgpreload_memcheck-amd64-linux.so)
==37898==    by 0x5C2F919: ??? (in /usr/lib/x86_64-linux-gnu/libXi.so.6.1.0)
==37898==    by 0x5C310B8: ??? (in /usr/lib/x86_64-linux-gnu/libXi.so.6.1.0)
==37898==    by 0x5C386A3: XIQueryVersion (in /usr/lib/x86_64-linux-gnu/libXi.so.6.1.0)
==37898==    by 0x1D31F5: _glfwInitX11 (in /home/susan/clui/main)
==37898==    by 0x1CF8D0: glfwInit (in /home/susan/clui/main)
==37898==    by 0x175984: InitPlatform (in /home/susan/clui/main)
==37898==    by 0x176A7B: InitWindow (in /home/susan/clui/main)
==37898==    by 0x14193F: main (main.cpp:58)
==37898== 
==37898== 10 bytes in 1 blocks are still reachable in loss record 7 of 87
==37898==    at 0x4846828: malloc (in /usr/libexec/valgrind/vgpreload_memcheck-amd64-linux.so)
==37898==    by 0x4CB235E: strdup (strdup.c:42)
==37898==    by 0x5AAB0CE: XInitExtension (in /usr/lib/x86_64-linux-gnu/libX11.so.6.4.0)
==37898==    by 0x5B20033: XkbUseExtension (in /usr/lib/x86_64-linux-gnu/libX11.so.6.4.0)
==37898==    by 0x5AAEC72: XOpenDisplay (in /usr/lib/x86_64-linux-gnu/libX11.so.6.4.0)
==37898==    by 0x1CE8F1: _glfwConnectX11 (in /home/susan/clui/main)
==37898==    by 0x1CEA66: _glfwSelectPlatform (in /home/susan/clui/main)
==37898==    by 0x1CF8BC: glfwInit (in /home/susan/clui/main)
==37898==    by 0x175984: InitPlatform (in /home/susan/clui/main)
==37898==    by 0x176A7B: InitWindow (in /home/susan/clui/main)
==37898==    by 0x14193F: main (main.cpp:58)
==37898== 
==37898== 16 bytes in 1 blocks are still reachable in loss record 8 of 87
==37898==    at 0x4846828: malloc (in /usr/libexec/valgrind/vgpreload_memcheck-amd64-linux.so)
==37898==    by 0x5BCA46D: xcb_connect_to_fd (in /usr/lib/x86_64-linux-gnu/libxcb.so.1.1.0)
==37898==    by 0x5BCAA5D: xcb_connect_to_display_with_auth_info (in /usr/lib/x86_64-linux-gnu/libxcb.so.1.1.0)
==37898==    by 0x5ABD3C9: _XConnectXCB (in /usr/lib/x86_64-linux-gnu/libX11.so.6.4.0)
==37898==    by 0x5AAE0FD: XOpenDisplay (in /usr/lib/x86_64-linux-gnu/libX11.so.6.4.0)
==37898==    by 0x1CE8F1: _glfwConnectX11 (in /home/susan/clui/main)
==37898==    by 0x1CEA66: _glfwSelectPlatform (in /home/susan/clui/main)
==37898==    by 0x1CF8BC: glfwInit (in /home/susan/clui/main)
==37898==    by 0x175984: InitPlatform (in /home/susan/clui/main)
==37898==    by 0x176A7B: InitWindow (in /home/susan/clui/main)
==37898==    by 0x14193F: main (main.cpp:58)
==37898== 
==37898== 16 bytes in 1 blocks are still reachable in loss record 9 of 87
==37898==    at 0x484D953: calloc (in /usr/libexec/valgrind/vgpreload_memcheck-amd64-linux.so)
==37898==    by 0x11E8D3: String::String() (String.h:17)
==37898==    by 0x12C4B1: LSPClient::await_lsp_response() (LSPClient.cpp:119)
==37898==    by 0x12CC15: LSPClient::lsp_thread() (LSPClient.cpp:174)
==37898==    by 0x142A58: LSPClient::init()::{lambda()#1}::operator()() const (LSPClient.h:39)
==37898==    by 0x14C189: void std::__invoke_impl<void, LSPClient::init()::{lambda()#1}&>(std::__invoke_other, LSPClient::init()::{lambda()#1}&) (invoke.h:61)
==37898==    by 0x14B0C0: std::enable_if<is_invocable_r_v<void, LSPClient::init()::{lambda()#1}&>, void>::type std::__invoke_r<void, LSPClient::init()::{lambda()#1}&>(LSPClient::init()::{lambda()#1}&) (invoke.h:111)
==37898==    by 0x148D35: std::_Function_handler<void (), LSPClient::init()::{lambda()#1}>::_M_invoke(std::_Any_data const&) (std_function.h:290)
==37898==    by 0x1162C5: std::function<void ()>::operator()() const (std_function.h:591)
==37898==    by 0x142729: _thread_trampoline(void*) (Thread.h:10)
==37898==    by 0x4C9AAA3: start_thread (pthread_create.c:447)
==37898==    by 0x4D27A33: clone (clone.S:100)
==37898== 
==37898== 16 bytes in 1 blocks are still reachable in loss record 10 of 87
==37898==    at 0x4846828: malloc (in /usr/libexec/valgrind/vgpreload_memcheck-amd64-linux.so)
==37898==    by 0x5AA556B: ??? (in /usr/lib/x86_64-linux-gnu/libX11.so.6.4.0)
==37898==    by 0x5AAE3D0: XOpenDisplay (in /usr/lib/x86_64-linux-gnu/libX11.so.6.4.0)
==37898==    by 0x1CE8F1: _glfwConnectX11 (in /home/susan/clui/main)
==37898==    by 0x1CEA66: _glfwSelectPlatform (in /home/susan/clui/main)
==37898==    by 0x1CF8BC: glfwInit (in /home/susan/clui/main)
==37898==    by 0x175984: InitPlatform (in /home/susan/clui/main)
==37898==    by 0x176A7B: InitWindow (in /home/susan/clui/main)
==37898==    by 0x14193F: main (main.cpp:58)
==37898== 
==37898== 16 bytes in 1 blocks are still reachable in loss record 11 of 87
==37898==    at 0x4846828: malloc (in /usr/libexec/valgrind/vgpreload_memcheck-amd64-linux.so)
==37898==    by 0x4CB235E: strdup (strdup.c:42)
==37898==    by 0x5AAB0CE: XInitExtension (in /usr/lib/x86_64-linux-gnu/libX11.so.6.4.0)
==37898==    by 0x5C1E83F: XextAddDisplay (in /usr/lib/x86_64-linux-gnu/libXext.so.6.4.0)
==37898==    by 0x5C2FA97: ??? (in /usr/lib/x86_64-linux-gnu/libXi.so.6.1.0)
==37898==    by 0x5C3867F: XIQueryVersion (in /usr/lib/x86_64-linux-gnu/libXi.so.6.1.0)
==37898==    by 0x1D31F5: _glfwInitX11 (in /home/susan/clui/main)
==37898==    by 0x1CF8D0: glfwInit (in /home/susan/clui/main)
==37898==    by 0x175984: InitPlatform (in /home/susan/clui/main)
==37898==    by 0x176A7B: InitWindow (in /home/susan/clui/main)
==37898==    by 0x14193F: main (main.cpp:58)
==37898== 
==37898== 22 bytes in 1 blocks are still reachable in loss record 12 of 87
==37898==    at 0x4846828: malloc (in /usr/libexec/valgrind/vgpreload_memcheck-amd64-linux.so)
==37898==    by 0x5AAE5D1: XOpenDisplay (in /usr/lib/x86_64-linux-gnu/libX11.so.6.4.0)
==37898==    by 0x1CE8F1: _glfwConnectX11 (in /home/susan/clui/main)
==37898==    by 0x1CEA66: _glfwSelectPlatform (in /home/susan/clui/main)
==37898==    by 0x1CF8BC: glfwInit (in /home/susan/clui/main)
==37898==    by 0x175984: InitPlatform (in /home/susan/clui/main)
==37898==    by 0x176A7B: InitWindow (in /home/susan/clui/main)
==37898==    by 0x14193F: main (main.cpp:58)
==37898== 
==37898== 24 bytes in 1 blocks are still reachable in loss record 13 of 87
==37898==    at 0x4846828: malloc (in /usr/libexec/valgrind/vgpreload_memcheck-amd64-linux.so)
==37898==    by 0x48627BF: XauFileName (in /usr/lib/x86_64-linux-gnu/libXau.so.6.0.0)
==37898==    by 0x4862D55: XauGetBestAuthByAddr (in /usr/lib/x86_64-linux-gnu/libXau.so.6.0.0)
==37898==    by 0x5BCAD1C: xcb_connect_to_display_with_auth_info (in /usr/lib/x86_64-linux-gnu/libxcb.so.1.1.0)
==37898==    by 0x5ABD3C9: _XConnectXCB (in /usr/lib/x86_64-linux-gnu/libX11.so.6.4.0)
==37898==    by 0x5AAE0FD: XOpenDisplay (in /usr/lib/x86_64-linux-gnu/libX11.so.6.4.0)
==37898==    by 0x1CE8F1: _glfwConnectX11 (in /home/susan/clui/main)
==37898==    by 0x1CEA66: _glfwSelectPlatform (in /home/susan/clui/main)
==37898==    by 0x1CF8BC: glfwInit (in /home/susan/clui/main)
==37898==    by 0x175984: InitPlatform (in /home/susan/clui/main)
==37898==    by 0x176A7B: InitWindow (in /home/susan/clui/main)
==37898==    by 0x14193F: main (main.cpp:58)
==37898== 
==37898== 24 bytes in 1 blocks are still reachable in loss record 14 of 87
==37898==    at 0x4846828: malloc (in /usr/libexec/valgrind/vgpreload_memcheck-amd64-linux.so)
==37898==    by 0x5C1E021: XextCreateExtension (in /usr/lib/x86_64-linux-gnu/libXext.so.6.4.0)
==37898==    by 0x5C1E4C4: ??? (in /usr/lib/x86_64-linux-gnu/libXext.so.6.4.0)
==37898==    by 0x5C1E9DF: XextAddDisplay (in /usr/lib/x86_64-linux-gnu/libXext.so.6.4.0)
==37898==    by 0x5C12455: XF86VidModeQueryExtension (in /usr/lib/x86_64-linux-gnu/libXxf86vm.so.1.0.0)
==37898==    by 0x1D3132: _glfwInitX11 (in /home/susan/clui/main)
==37898==    by 0x1CF8D0: glfwInit (in /home/susan/clui/main)
==37898==    by 0x175984: InitPlatform (in /home/susan/clui/main)
==37898==    by 0x176A7B: InitWindow (in /home/susan/clui/main)
==37898==    by 0x14193F: main (main.cpp:58)
==37898== 
==37898== 24 bytes in 1 blocks are still reachable in loss record 15 of 87
==37898==    at 0x4846828: malloc (in /usr/libexec/valgrind/vgpreload_memcheck-amd64-linux.so)
==37898==    by 0x4CB235E: strdup (strdup.c:42)
==37898==    by 0x5AAB0CE: XInitExtension (in /usr/lib/x86_64-linux-gnu/libX11.so.6.4.0)
==37898==    by 0x5C1E83F: XextAddDisplay (in /usr/lib/x86_64-linux-gnu/libXext.so.6.4.0)
==37898==    by 0x5C1E502: ??? (in /usr/lib/x86_64-linux-gnu/libXext.so.6.4.0)
==37898==    by 0x5C1E9DF: XextAddDisplay (in /usr/lib/x86_64-linux-gnu/libXext.so.6.4.0)
==37898==    by 0x5C12455: XF86VidModeQueryExtension (in /usr/lib/x86_64-linux-gnu/libXxf86vm.so.1.0.0)
==37898==    by 0x1D3132: _glfwInitX11 (in /home/susan/clui/main)
==37898==    by 0x1CF8D0: glfwInit (in /home/susan/clui/main)
==37898==    by 0x175984: InitPlatform (in /home/susan/clui/main)
==37898==    by 0x176A7B: InitWindow (in /home/susan/clui/main)
==37898==    by 0x14193F: main (main.cpp:58)
==37898== 
==37898== 24 bytes in 1 blocks are still reachable in loss record 16 of 87
==37898==    at 0x4846828: malloc (in /usr/libexec/valgrind/vgpreload_memcheck-amd64-linux.so)
==37898==    by 0x5C1EA10: XextAddDisplay (in /usr/lib/x86_64-linux-gnu/libXext.so.6.4.0)
==37898==    by 0x5C12455: XF86VidModeQueryExtension (in /usr/lib/x86_64-linux-gnu/libXxf86vm.so.1.0.0)
==37898==    by 0x1D3132: _glfwInitX11 (in /home/susan/clui/main)
==37898==    by 0x1CF8D0: glfwInit (in /home/susan/clui/main)
==37898==    by 0x175984: InitPlatform (in /home/susan/clui/main)
==37898==    by 0x176A7B: InitWindow (in /home/susan/clui/main)
==37898==    by 0x14193F: main (main.cpp:58)
==37898== 
==37898== 24 bytes in 1 blocks are still reachable in loss record 17 of 87
==37898==    at 0x4846828: malloc (in /usr/libexec/valgrind/vgpreload_memcheck-amd64-linux.so)
==37898==    by 0x5C1E021: XextCreateExtension (in /usr/lib/x86_64-linux-gnu/libXext.so.6.4.0)
==37898==    by 0x5C2F9C4: ??? (in /usr/lib/x86_64-linux-gnu/libXi.so.6.1.0)
==37898==    by 0x5C3867F: XIQueryVersion (in /usr/lib/x86_64-linux-gnu/libXi.so.6.1.0)
==37898==    by 0x1D31F5: _glfwInitX11 (in /home/susan/clui/main)
==37898==    by 0x1CF8D0: glfwInit (in /home/susan/clui/main)
==37898==    by 0x175984: InitPlatform (in /home/susan/clui/main)
==37898==    by 0x176A7B: InitWindow (in /home/susan/clui/main)
==37898==    by 0x14193F: main (main.cpp:58)
==37898== 
==37898== 24 bytes in 1 blocks are still reachable in loss record 18 of 87
==37898==    at 0x4846828: malloc (in /usr/libexec/valgrind/vgpreload_memcheck-amd64-linux.so)
==37898==    by 0x5C1EA10: XextAddDisplay (in /usr/lib/x86_64-linux-gnu/libXext.so.6.4.0)
==37898==    by 0x5C2FA97: ??? (in /usr/lib/x86_64-linux-gnu/libXi.so.6.1.0)
==37898==    by 0x5C3867F: XIQueryVersion (in /usr/lib/x86_64-linux-gnu/libXi.so.6.1.0)
==37898==    by 0x1D31F5: _glfwInitX11 (in /home/susan/clui/main)
==37898==    by 0x1CF8D0: glfwInit (in /home/susan/clui/main)
==37898==    by 0x175984: InitPlatform (in /home/susan/clui/main)
==37898==    by 0x176A7B: InitWindow (in /home/susan/clui/main)
==37898==    by 0x14193F: main (main.cpp:58)
==37898== 
==37898== 24 bytes in 1 blocks are still reachable in loss record 19 of 87
==37898==    at 0x4846828: malloc (in /usr/libexec/valgrind/vgpreload_memcheck-amd64-linux.so)
==37898==    by 0x5ABB6B6: ??? (in /usr/lib/x86_64-linux-gnu/libX11.so.6.4.0)
==37898==    by 0x5AC45CD: _XReply (in /usr/lib/x86_64-linux-gnu/libX11.so.6.4.0)
==37898==    by 0x5AB425F: XQueryExtension (in /usr/lib/x86_64-linux-gnu/libX11.so.6.4.0)
==37898==    by 0x5AAB096: XInitExtension (in /usr/lib/x86_64-linux-gnu/libX11.so.6.4.0)
==37898==    by 0x5C1E83F: XextAddDisplay (in /usr/lib/x86_64-linux-gnu/libXext.so.6.4.0)
==37898==    by 0x5C41A5F: ??? (in /usr/lib/x86_64-linux-gnu/libXrandr.so.2.2.0)
==37898==    by 0x5C42C97: XRRQueryExtension (in /usr/lib/x86_64-linux-gnu/libXrandr.so.2.2.0)
==37898==    by 0x1D341E: _glfwInitX11 (in /home/susan/clui/main)
==37898==    by 0x1CF8D0: glfwInit (in /home/susan/clui/main)
==37898==    by 0x175984: InitPlatform (in /home/susan/clui/main)
==37898==    by 0x176A7B: InitWindow (in /home/susan/clui/main)
==37898== 
==37898== 24 bytes in 1 blocks are still reachable in loss record 20 of 87
==37898==    at 0x4846828: malloc (in /usr/libexec/valgrind/vgpreload_memcheck-amd64-linux.so)
==37898==    by 0x5C1EA10: XextAddDisplay (in /usr/lib/x86_64-linux-gnu/libXext.so.6.4.0)
==37898==    by 0x5C41A5F: ??? (in /usr/lib/x86_64-linux-gnu/libXrandr.so.2.2.0)
==37898==    by 0x5C42C97: XRRQueryExtension (in /usr/lib/x86_64-linux-gnu/libXrandr.so.2.2.0)
==37898==    by 0x1D341E: _glfwInitX11 (in /home/susan/clui/main)
==37898==    by 0x1CF8D0: glfwInit (in /home/susan/clui/main)
==37898==    by 0x175984: InitPlatform (in /home/susan/clui/main)
==37898==    by 0x176A7B: InitWindow (in /home/susan/clui/main)
==37898==    by 0x14193F: main (main.cpp:58)
==37898== 
==37898== 24 bytes in 1 blocks are still reachable in loss record 21 of 87
==37898==    at 0x4846828: malloc (in /usr/libexec/valgrind/vgpreload_memcheck-amd64-linux.so)
==37898==    by 0x5ABB6B6: ??? (in /usr/lib/x86_64-linux-gnu/libX11.so.6.4.0)
==37898==    by 0x5AC45CD: _XReply (in /usr/lib/x86_64-linux-gnu/libX11.so.6.4.0)
==37898==    by 0x5C42D93: XRRQueryVersion (in /usr/lib/x86_64-linux-gnu/libXrandr.so.2.2.0)
==37898==    by 0x1D3448: _glfwInitX11 (in /home/susan/clui/main)
==37898==    by 0x1CF8D0: glfwInit (in /home/susan/clui/main)
==37898==    by 0x175984: InitPlatform (in /home/susan/clui/main)
==37898==    by 0x176A7B: InitWindow (in /home/susan/clui/main)
==37898==    by 0x14193F: main (main.cpp:58)
==37898== 
==37898== 25 bytes in 1 blocks are still reachable in loss record 22 of 87
==37898==    at 0x4846828: malloc (in /usr/libexec/valgrind/vgpreload_memcheck-amd64-linux.so)
==37898==    by 0x4CB235E: strdup (strdup.c:42)
==37898==    by 0x5AAB0CE: XInitExtension (in /usr/lib/x86_64-linux-gnu/libX11.so.6.4.0)
==37898==    by 0x5C1E83F: XextAddDisplay (in /usr/lib/x86_64-linux-gnu/libXext.so.6.4.0)
==37898==    by 0x5C12455: XF86VidModeQueryExtension (in /usr/lib/x86_64-linux-gnu/libXxf86vm.so.1.0.0)
==37898==    by 0x1D3132: _glfwInitX11 (in /home/susan/clui/main)
==37898==    by 0x1CF8D0: glfwInit (in /home/susan/clui/main)
==37898==    by 0x175984: InitPlatform (in /home/susan/clui/main)
==37898==    by 0x176A7B: InitWindow (in /home/susan/clui/main)
==37898==    by 0x14193F: main (main.cpp:58)
==37898== 
==37898== 27 bytes in 1 blocks are still reachable in loss record 23 of 87
==37898==    at 0x4846828: malloc (in /usr/libexec/valgrind/vgpreload_memcheck-amd64-linux.so)
==37898==    by 0x4C3E88D: _nl_make_l10nflist (l10nflist.c:166)
==37898==    by 0x4C3EB1C: _nl_make_l10nflist (l10nflist.c:285)
==37898==    by 0x4C3EB1C: _nl_make_l10nflist (l10nflist.c:285)
==37898==    by 0x4C359BE: _nl_find_locale (findlocale.c:214)
==37898==    by 0x4C38B85: setlocale (setlocale.c:414)
==37898==    by 0x1CE939: _glfwConnectX11 (in /home/susan/clui/main)
==37898==    by 0x1CEA66: _glfwSelectPlatform (in /home/susan/clui/main)
==37898==    by 0x1CF8BC: glfwInit (in /home/susan/clui/main)
==37898==    by 0x175984: InitPlatform (in /home/susan/clui/main)
==37898==    by 0x176A7B: InitWindow (in /home/susan/clui/main)
==37898==    by 0x14193F: main (main.cpp:58)
==37898== 
==37898== 32 bytes in 1 blocks are still reachable in loss record 24 of 87
==37898==    at 0x4846FA3: operator new(unsigned long) (in /usr/libexec/valgrind/vgpreload_memcheck-amd64-linux.so)
==37898==    by 0x144AF0: Thread::Thread<LSPClient::init()::{lambda()#1}>(LSPClient::init()::{lambda()#1}&&) (Thread.h:20)
==37898==    by 0x142A94: LSPClient::init() (LSPClient.h:40)
==37898==    by 0x141912: main (main.cpp:54)
==37898== 
==37898== 32 bytes in 1 blocks are still reachable in loss record 25 of 87
==37898==    at 0x484DB80: realloc (in /usr/libexec/valgrind/vgpreload_memcheck-amd64-linux.so)
==37898==    by 0x5BCE712: ??? (in /usr/lib/x86_64-linux-gnu/libxcb.so.1.1.0)
==37898==    by 0x5BCE80A: xcb_get_extension_data (in /usr/lib/x86_64-linux-gnu/libxcb.so.1.1.0)
==37898==    by 0x5BCE8CE: xcb_prefetch_maximum_request_length (in /usr/lib/x86_64-linux-gnu/libxcb.so.1.1.0)
==37898==    by 0x5BCE945: xcb_get_maximum_request_length (in /usr/lib/x86_64-linux-gnu/libxcb.so.1.1.0)
==37898==    by 0x5AAE96A: XOpenDisplay (in /usr/lib/x86_64-linux-gnu/libX11.so.6.4.0)
==37898==    by 0x1CE8F1: _glfwConnectX11 (in /home/susan/clui/main)
==37898==    by 0x1CEA66: _glfwSelectPlatform (in /home/susan/clui/main)
==37898==    by 0x1CF8BC: glfwInit (in /home/susan/clui/main)
==37898==    by 0x175984: InitPlatform (in /home/susan/clui/main)
==37898==    by 0x176A7B: InitWindow (in /home/susan/clui/main)
==37898==    by 0x14193F: main (main.cpp:58)
==37898== 
==37898== 32 bytes in 1 blocks are still reachable in loss record 26 of 87
==37898==    at 0x4846828: malloc (in /usr/libexec/valgrind/vgpreload_memcheck-amd64-linux.so)
==37898==    by 0x5BC7257: ??? (in /usr/lib/x86_64-linux-gnu/libxcb.so.1.1.0)
==37898==    by 0x5BC7A95: ??? (in /usr/lib/x86_64-linux-gnu/libxcb.so.1.1.0)
==37898==    by 0x5BC7EEF: ??? (in /usr/lib/x86_64-linux-gnu/libxcb.so.1.1.0)
==37898==    by 0x5BC8E6D: xcb_wait_for_reply (in /usr/lib/x86_64-linux-gnu/libxcb.so.1.1.0)
==37898==    by 0x5BCE85A: xcb_get_extension_data (in /usr/lib/x86_64-linux-gnu/libxcb.so.1.1.0)
==37898==    by 0x5BCE8CE: xcb_prefetch_maximum_request_length (in /usr/lib/x86_64-linux-gnu/libxcb.so.1.1.0)
==37898==    by 0x5BCE945: xcb_get_maximum_request_length (in /usr/lib/x86_64-linux-gnu/libxcb.so.1.1.0)
==37898==    by 0x5AAE96A: XOpenDisplay (in /usr/lib/x86_64-linux-gnu/libX11.so.6.4.0)
==37898==    by 0x1CE8F1: _glfwConnectX11 (in /home/susan/clui/main)
==37898==    by 0x1CEA66: _glfwSelectPlatform (in /home/susan/clui/main)
==37898==    by 0x1CF8BC: glfwInit (in /home/susan/clui/main)
==37898== 
==37898== 32 bytes in 1 blocks are still reachable in loss record 27 of 87
==37898==    at 0x4846828: malloc (in /usr/libexec/valgrind/vgpreload_memcheck-amd64-linux.so)
==37898==    by 0x5C1E812: XextAddDisplay (in /usr/lib/x86_64-linux-gnu/libXext.so.6.4.0)
==37898==    by 0x5C12455: XF86VidModeQueryExtension (in /usr/lib/x86_64-linux-gnu/libXxf86vm.so.1.0.0)
==37898==    by 0x1D3132: _glfwInitX11 (in /home/susan/clui/main)
==37898==    by 0x1CF8D0: glfwInit (in /home/susan/clui/main)
==37898==    by 0x175984: InitPlatform (in /home/susan/clui/main)
==37898==    by 0x176A7B: InitWindow (in /home/susan/clui/main)
==37898==    by 0x14193F: main (main.cpp:58)
==37898== 
==37898== 32 bytes in 1 blocks are still reachable in loss record 28 of 87
==37898==    at 0x4846828: malloc (in /usr/libexec/valgrind/vgpreload_memcheck-amd64-linux.so)
==37898==    by 0x5C1E812: XextAddDisplay (in /usr/lib/x86_64-linux-gnu/libXext.so.6.4.0)
==37898==    by 0x5C1E502: ??? (in /usr/lib/x86_64-linux-gnu/libXext.so.6.4.0)
==37898==    by 0x5C1E9DF: XextAddDisplay (in /usr/lib/x86_64-linux-gnu/libXext.so.6.4.0)
==37898==    by 0x5C12455: XF86VidModeQueryExtension (in /usr/lib/x86_64-linux-gnu/libXxf86vm.so.1.0.0)
==37898==    by 0x1D3132: _glfwInitX11 (in /home/susan/clui/main)
==37898==    by 0x1CF8D0: glfwInit (in /home/susan/clui/main)
==37898==    by 0x175984: InitPlatform (in /home/susan/clui/main)
==37898==    by 0x176A7B: InitWindow (in /home/susan/clui/main)
==37898==    by 0x14193F: main (main.cpp:58)
==37898== 
==37898== 32 bytes in 1 blocks are still reachable in loss record 29 of 87
==37898==    at 0x4846828: malloc (in /usr/libexec/valgrind/vgpreload_memcheck-amd64-linux.so)
==37898==    by 0x5C1E812: XextAddDisplay (in /usr/lib/x86_64-linux-gnu/libXext.so.6.4.0)
==37898==    by 0x5C2FA97: ??? (in /usr/lib/x86_64-linux-gnu/libXi.so.6.1.0)
==37898==    by 0x5C3867F: XIQueryVersion (in /usr/lib/x86_64-linux-gnu/libXi.so.6.1.0)
==37898==    by 0x1D31F5: _glfwInitX11 (in /home/susan/clui/main)
==37898==    by 0x1CF8D0: glfwInit (in /home/susan/clui/main)
==37898==    by 0x175984: InitPlatform (in /home/susan/clui/main)
==37898==    by 0x176A7B: InitWindow (in /home/susan/clui/main)
==37898==    by 0x14193F: main (main.cpp:58)
==37898== 
==37898== 32 bytes in 1 blocks are still reachable in loss record 30 of 87
==37898==    at 0x4846828: malloc (in /usr/libexec/valgrind/vgpreload_memcheck-amd64-linux.so)
==37898==    by 0x5C1E812: XextAddDisplay (in /usr/lib/x86_64-linux-gnu/libXext.so.6.4.0)
==37898==    by 0x5C41A5F: ??? (in /usr/lib/x86_64-linux-gnu/libXrandr.so.2.2.0)
==37898==    by 0x5C42C97: XRRQueryExtension (in /usr/lib/x86_64-linux-gnu/libXrandr.so.2.2.0)
==37898==    by 0x1D341E: _glfwInitX11 (in /home/susan/clui/main)
==37898==    by 0x1CF8D0: glfwInit (in /home/susan/clui/main)
==37898==    by 0x175984: InitPlatform (in /home/susan/clui/main)
==37898==    by 0x176A7B: InitWindow (in /home/susan/clui/main)
==37898==    by 0x14193F: main (main.cpp:58)
==37898== 
==37898== 32 bytes in 1 blocks are still reachable in loss record 31 of 87
==37898==    at 0x4846828: malloc (in /usr/libexec/valgrind/vgpreload_memcheck-amd64-linux.so)
==37898==    by 0x5C41A86: ??? (in /usr/lib/x86_64-linux-gnu/libXrandr.so.2.2.0)
==37898==    by 0x5C42C97: XRRQueryExtension (in /usr/lib/x86_64-linux-gnu/libXrandr.so.2.2.0)
==37898==    by 0x1D341E: _glfwInitX11 (in /home/susan/clui/main)
==37898==    by 0x1CF8D0: glfwInit (in /home/susan/clui/main)
==37898==    by 0x175984: InitPlatform (in /home/susan/clui/main)
==37898==    by 0x176A7B: InitWindow (in /home/susan/clui/main)
==37898==    by 0x14193F: main (main.cpp:58)
==37898== 
==37898== 38 bytes in 1 blocks are still reachable in loss record 32 of 87
==37898==    at 0x4846828: malloc (in /usr/libexec/valgrind/vgpreload_memcheck-amd64-linux.so)
==37898==    by 0x4C3E88D: _nl_make_l10nflist (l10nflist.c:166)
==37898==    by 0x4C359BE: _nl_find_locale (findlocale.c:214)
==37898==    by 0x4C38B85: setlocale (setlocale.c:414)
==37898==    by 0x1CE939: _glfwConnectX11 (in /home/susan/clui/main)
==37898==    by 0x1CEA66: _glfwSelectPlatform (in /home/susan/clui/main)
==37898==    by 0x1CF8BC: glfwInit (in /home/susan/clui/main)
==37898==    by 0x175984: InitPlatform (in /home/susan/clui/main)
==37898==    by 0x176A7B: InitWindow (in /home/susan/clui/main)
==37898==    by 0x14193F: main (main.cpp:58)
==37898== 
==37898== 40 bytes in 1 blocks are still reachable in loss record 33 of 87
==37898==    at 0x4846FA3: operator new(unsigned long) (in /usr/libexec/valgrind/vgpreload_memcheck-amd64-linux.so)
==37898==    by 0x139EDD: std::__new_allocator<std::_Sp_counted_ptr_inplace<std::vector<String, std::allocator<String> >, std::allocator<void>, (__gnu_cxx::_Lock_policy)2> >::allocate(unsigned long, void const*) (new_allocator.h:151)
==37898==    by 0x138DD6: allocate (allocator.h:196)
==37898==    by 0x138DD6: allocate (alloc_traits.h:478)
==37898==    by 0x138DD6: std::__allocated_ptr<std::allocator<std::_Sp_counted_ptr_inplace<std::vector<String, std::allocator<String> >, std::allocator<void>, (__gnu_cxx::_Lock_policy)2> > > std::__allocate_guarded<std::allocator<std::_Sp_counted_ptr_inplace<std::vector<String, std::allocator<String> >, std::allocator<void>, (__gnu_cxx::_Lock_policy)2> > >(std::allocator<std::_Sp_counted_ptr_inplace<std::vector<String, std::allocator<String> >, std::allocator<void>, (__gnu_cxx::_Lock_policy)2> >&) (allocated_ptr.h:98)
==37898==    by 0x14C09C: std::__shared_count<(__gnu_cxx::_Lock_policy)2>::__shared_count<std::vector<String, std::allocator<String> >, std::allocator<void>>(std::vector<String, std::allocator<String> >*&, std::_Sp_alloc_shared_tag<std::allocator<void> >) (shared_ptr_base.h:967)
==37898==    by 0x14B00B: std::__shared_ptr<std::vector<String, std::allocator<String> >, (__gnu_cxx::_Lock_policy)2>::__shared_ptr<std::allocator<void>>(std::_Sp_alloc_shared_tag<std::allocator<void> >) (shared_ptr_base.h:1713)
==37898==    by 0x148CC6: std::shared_ptr<std::vector<String, std::allocator<String> > >::shared_ptr<std::allocator<void>>(std::_Sp_alloc_shared_tag<std::allocator<void> >) (shared_ptr.h:463)
==37898==    by 0x1469BE: std::shared_ptr<std::vector<String, std::allocator<String> > > std::make_shared<std::vector<String, std::allocator<String> >>() (shared_ptr.h:1008)
==37898==    by 0x144A92: FamousResource<std::vector<String, std::allocator<String> >, FamousLocking::Mutex>::FamousResource<>() (FamousResource.h:23)
==37898==    by 0x142924: LSPClient::LSPClient() (LSPClient.h:14)
==37898==    by 0x1429D2: LSPClient::the() (LSPClient.h:31)
==37898==    by 0x14190A: main (main.cpp:54)
==37898== 
==37898== 40 bytes in 1 blocks are still reachable in loss record 34 of 87
==37898==    at 0x4846828: malloc (in /usr/libexec/valgrind/vgpreload_memcheck-amd64-linux.so)
==37898==    by 0x5AA7F79: XInitThreads (in /usr/lib/x86_64-linux-gnu/libX11.so.6.4.0)
==37898==    by 0x400571E: call_init.part.0 (dl-init.c:74)
==37898==    by 0x4005823: call_init (dl-init.c:120)
==37898==    by 0x4005823: _dl_init (dl-init.c:121)
==37898==    by 0x40015B1: _dl_catch_exception (dl-catch.c:211)
==37898==    by 0x400CD7B: dl_open_worker (dl-open.c:829)
==37898==    by 0x400CD7B: dl_open_worker (dl-open.c:792)
==37898==    by 0x400151B: _dl_catch_exception (dl-catch.c:237)
==37898==    by 0x400D163: _dl_open (dl-open.c:905)
==37898==    by 0x4C961A3: dlopen_doit (dlopen.c:56)
==37898==    by 0x400151B: _dl_catch_exception (dl-catch.c:237)
==37898==    by 0x4001668: _dl_catch_error (dl-catch.c:256)
==37898==    by 0x4C95C82: _dlerror_run (dlerror.c:138)
==37898== 
==37898== 40 bytes in 1 blocks are still reachable in loss record 35 of 87
==37898==    at 0x4846828: malloc (in /usr/libexec/valgrind/vgpreload_memcheck-amd64-linux.so)
==37898==    by 0x5AA7F96: XInitThreads (in /usr/lib/x86_64-linux-gnu/libX11.so.6.4.0)
==37898==    by 0x400571E: call_init.part.0 (dl-init.c:74)
==37898==    by 0x4005823: call_init (dl-init.c:120)
==37898==    by 0x4005823: _dl_init (dl-init.c:121)
==37898==    by 0x40015B1: _dl_catch_exception (dl-catch.c:211)
==37898==    by 0x400CD7B: dl_open_worker (dl-open.c:829)
==37898==    by 0x400CD7B: dl_open_worker (dl-open.c:792)
==37898==    by 0x400151B: _dl_catch_exception (dl-catch.c:237)
==37898==    by 0x400D163: _dl_open (dl-open.c:905)
==37898==    by 0x4C961A3: dlopen_doit (dlopen.c:56)
==37898==    by 0x400151B: _dl_catch_exception (dl-catch.c:237)
==37898==    by 0x4001668: _dl_catch_error (dl-catch.c:256)
==37898==    by 0x4C95C82: _dlerror_run (dlerror.c:138)
==37898== 
==37898== 40 bytes in 1 blocks are still reachable in loss record 36 of 87
==37898==    at 0x4846828: malloc (in /usr/libexec/valgrind/vgpreload_memcheck-amd64-linux.so)
==37898==    by 0x5AA7FB3: XInitThreads (in /usr/lib/x86_64-linux-gnu/libX11.so.6.4.0)
==37898==    by 0x400571E: call_init.part.0 (dl-init.c:74)
==37898==    by 0x4005823: call_init (dl-init.c:120)
==37898==    by 0x4005823: _dl_init (dl-init.c:121)
==37898==    by 0x40015B1: _dl_catch_exception (dl-catch.c:211)
==37898==    by 0x400CD7B: dl_open_worker (dl-open.c:829)
==37898==    by 0x400CD7B: dl_open_worker (dl-open.c:792)
==37898==    by 0x400151B: _dl_catch_exception (dl-catch.c:237)
==37898==    by 0x400D163: _dl_open (dl-open.c:905)
==37898==    by 0x4C961A3: dlopen_doit (dlopen.c:56)
==37898==    by 0x400151B: _dl_catch_exception (dl-catch.c:237)
==37898==    by 0x4001668: _dl_catch_error (dl-catch.c:256)
==37898==    by 0x4C95C82: _dlerror_run (dlerror.c:138)
==37898== 
==37898== 40 bytes in 1 blocks are still reachable in loss record 37 of 87
==37898==    at 0x4846828: malloc (in /usr/libexec/valgrind/vgpreload_memcheck-amd64-linux.so)
==37898==    by 0x5AA55B5: ??? (in /usr/lib/x86_64-linux-gnu/libX11.so.6.4.0)
==37898==    by 0x5AAE3D0: XOpenDisplay (in /usr/lib/x86_64-linux-gnu/libX11.so.6.4.0)
==37898==    by 0x1CE8F1: _glfwConnectX11 (in /home/susan/clui/main)
==37898==    by 0x1CEA66: _glfwSelectPlatform (in /home/susan/clui/main)
==37898==    by 0x1CF8BC: glfwInit (in /home/susan/clui/main)
==37898==    by 0x175984: InitPlatform (in /home/susan/clui/main)
==37898==    by 0x176A7B: InitWindow (in /home/susan/clui/main)
==37898==    by 0x14193F: main (main.cpp:58)
==37898== 
==37898== 40 bytes in 1 blocks are still reachable in loss record 38 of 87
==37898==    at 0x4846828: malloc (in /usr/libexec/valgrind/vgpreload_memcheck-amd64-linux.so)
==37898==    by 0x5ABD6F9: _XPollfdCacheInit (in /usr/lib/x86_64-linux-gnu/libX11.so.6.4.0)
==37898==    by 0x5AAE3E0: XOpenDisplay (in /usr/lib/x86_64-linux-gnu/libX11.so.6.4.0)
==37898==    by 0x1CE8F1: _glfwConnectX11 (in /home/susan/clui/main)
==37898==    by 0x1CEA66: _glfwSelectPlatform (in /home/susan/clui/main)
==37898==    by 0x1CF8BC: glfwInit (in /home/susan/clui/main)
==37898==    by 0x175984: InitPlatform (in /home/susan/clui/main)
==37898==    by 0x176A7B: InitWindow (in /home/susan/clui/main)
==37898==    by 0x14193F: main (main.cpp:58)
==37898== 
==37898== 48 bytes in 1 blocks are still reachable in loss record 39 of 87
==37898==    at 0x4846828: malloc (in /usr/libexec/valgrind/vgpreload_memcheck-amd64-linux.so)
==37898==    by 0x5ABD350: _XConnectXCB (in /usr/lib/x86_64-linux-gnu/libX11.so.6.4.0)
==37898==    by 0x5AAE0FD: XOpenDisplay (in /usr/lib/x86_64-linux-gnu/libX11.so.6.4.0)
==37898==    by 0x1CE8F1: _glfwConnectX11 (in /home/susan/clui/main)
==37898==    by 0x1CEA66: _glfwSelectPlatform (in /home/susan/clui/main)
==37898==    by 0x1CF8BC: glfwInit (in /home/susan/clui/main)
==37898==    by 0x175984: InitPlatform (in /home/susan/clui/main)
==37898==    by 0x176A7B: InitWindow (in /home/susan/clui/main)
==37898==    by 0x14193F: main (main.cpp:58)
==37898== 
==37898== 48 bytes in 1 blocks are still reachable in loss record 40 of 87
==37898==    at 0x4846828: malloc (in /usr/libexec/valgrind/vgpreload_memcheck-amd64-linux.so)
==37898==    by 0x5ABD365: _XConnectXCB (in /usr/lib/x86_64-linux-gnu/libX11.so.6.4.0)
==37898==    by 0x5AAE0FD: XOpenDisplay (in /usr/lib/x86_64-linux-gnu/libX11.so.6.4.0)
==37898==    by 0x1CE8F1: _glfwConnectX11 (in /home/susan/clui/main)
==37898==    by 0x1CEA66: _glfwSelectPlatform (in /home/susan/clui/main)
==37898==    by 0x1CF8BC: glfwInit (in /home/susan/clui/main)
==37898==    by 0x175984: InitPlatform (in /home/susan/clui/main)
==37898==    by 0x176A7B: InitWindow (in /home/susan/clui/main)
==37898==    by 0x14193F: main (main.cpp:58)
==37898== 
==37898== 48 bytes in 1 blocks are still reachable in loss record 41 of 87
==37898==    at 0x4846828: malloc (in /usr/libexec/valgrind/vgpreload_memcheck-amd64-linux.so)
==37898==    by 0x5AA55A4: ??? (in /usr/lib/x86_64-linux-gnu/libX11.so.6.4.0)
==37898==    by 0x5AAE3D0: XOpenDisplay (in /usr/lib/x86_64-linux-gnu/libX11.so.6.4.0)
==37898==    by 0x1CE8F1: _glfwConnectX11 (in /home/susan/clui/main)
==37898==    by 0x1CEA66: _glfwSelectPlatform (in /home/susan/clui/main)
==37898==    by 0x1CF8BC: glfwInit (in /home/susan/clui/main)
==37898==    by 0x175984: InitPlatform (in /home/susan/clui/main)
==37898==    by 0x176A7B: InitWindow (in /home/susan/clui/main)
==37898==    by 0x14193F: main (main.cpp:58)
==37898== 
==37898== 48 bytes in 1 blocks are still reachable in loss record 42 of 87
==37898==    at 0x4846828: malloc (in /usr/libexec/valgrind/vgpreload_memcheck-amd64-linux.so)
==37898==    by 0x5AA55C5: ??? (in /usr/lib/x86_64-linux-gnu/libX11.so.6.4.0)
==37898==    by 0x5AAE3D0: XOpenDisplay (in /usr/lib/x86_64-linux-gnu/libX11.so.6.4.0)
==37898==    by 0x1CE8F1: _glfwConnectX11 (in /home/susan/clui/main)
==37898==    by 0x1CEA66: _glfwSelectPlatform (in /home/susan/clui/main)
==37898==    by 0x1CF8BC: glfwInit (in /home/susan/clui/main)
==37898==    by 0x175984: InitPlatform (in /home/susan/clui/main)
==37898==    by 0x176A7B: InitWindow (in /home/susan/clui/main)
==37898==    by 0x14193F: main (main.cpp:58)
==37898== 
==37898== 56 bytes in 1 blocks are still reachable in loss record 43 of 87
==37898==    at 0x4846828: malloc (in /usr/libexec/valgrind/vgpreload_memcheck-amd64-linux.so)
==37898==    by 0x4C3EA19: _nl_make_l10nflist (l10nflist.c:242)
==37898==    by 0x4C3EB1C: _nl_make_l10nflist (l10nflist.c:285)
==37898==    by 0x4C3EB1C: _nl_make_l10nflist (l10nflist.c:285)
==37898==    by 0x4C359BE: _nl_find_locale (findlocale.c:214)
==37898==    by 0x4C38B85: setlocale (setlocale.c:414)
==37898==    by 0x1CE939: _glfwConnectX11 (in /home/susan/clui/main)
==37898==    by 0x1CEA66: _glfwSelectPlatform (in /home/susan/clui/main)
==37898==    by 0x1CF8BC: glfwInit (in /home/susan/clui/main)
==37898==    by 0x175984: InitPlatform (in /home/susan/clui/main)
==37898==    by 0x176A7B: InitWindow (in /home/susan/clui/main)
==37898==    by 0x14193F: main (main.cpp:58)
==37898== 
==37898== 64 bytes in 1 blocks are still reachable in loss record 44 of 87
==37898==    at 0x4846828: malloc (in /usr/libexec/valgrind/vgpreload_memcheck-amd64-linux.so)
==37898==    by 0x5AB1872: _XrmInternalStringToQuark (in /usr/lib/x86_64-linux-gnu/libX11.so.6.4.0)
==37898==    by 0x5AC4FC3: XrmInitialize (in /usr/lib/x86_64-linux-gnu/libX11.so.6.4.0)
==37898==    by 0x1CE8E9: _glfwConnectX11 (in /home/susan/clui/main)
==37898==    by 0x1CEA66: _glfwSelectPlatform (in /home/susan/clui/main)
==37898==    by 0x1CF8BC: glfwInit (in /home/susan/clui/main)
==37898==    by 0x175984: InitPlatform (in /home/susan/clui/main)
==37898==    by 0x176A7B: InitWindow (in /home/susan/clui/main)
==37898==    by 0x14193F: main (main.cpp:58)
==37898== 
==37898== 65 bytes in 2 blocks are still reachable in loss record 45 of 87
==37898==    at 0x4846828: malloc (in /usr/libexec/valgrind/vgpreload_memcheck-amd64-linux.so)
==37898==    by 0x4C3E88D: _nl_make_l10nflist (l10nflist.c:166)
==37898==    by 0x4C3EB1C: _nl_make_l10nflist (l10nflist.c:285)
==37898==    by 0x4C359BE: _nl_find_locale (findlocale.c:214)
==37898==    by 0x4C38B85: setlocale (setlocale.c:414)
==37898==    by 0x1CE939: _glfwConnectX11 (in /home/susan/clui/main)
==37898==    by 0x1CEA66: _glfwSelectPlatform (in /home/susan/clui/main)
==37898==    by 0x1CF8BC: glfwInit (in /home/susan/clui/main)
==37898==    by 0x175984: InitPlatform (in /home/susan/clui/main)
==37898==    by 0x176A7B: InitWindow (in /home/susan/clui/main)
==37898==    by 0x14193F: main (main.cpp:58)
==37898== 
==37898== 72 bytes in 1 blocks are still reachable in loss record 46 of 87
==37898==    at 0x484D953: calloc (in /usr/libexec/valgrind/vgpreload_memcheck-amd64-linux.so)
==37898==    by 0x5AAE48C: XOpenDisplay (in /usr/lib/x86_64-linux-gnu/libX11.so.6.4.0)
==37898==    by 0x1CE8F1: _glfwConnectX11 (in /home/susan/clui/main)
==37898==    by 0x1CEA66: _glfwSelectPlatform (in /home/susan/clui/main)
==37898==    by 0x1CF8BC: glfwInit (in /home/susan/clui/main)
==37898==    by 0x175984: InitPlatform (in /home/susan/clui/main)
==37898==    by 0x176A7B: InitWindow (in /home/susan/clui/main)
==37898==    by 0x14193F: main (main.cpp:58)
==37898== 
==37898== 104 bytes in 1 blocks are still reachable in loss record 47 of 87
==37898==    at 0x4846828: malloc (in /usr/libexec/valgrind/vgpreload_memcheck-amd64-linux.so)
==37898==    by 0x4C3EA19: _nl_make_l10nflist (l10nflist.c:242)
==37898==    by 0x4C359BE: _nl_find_locale (findlocale.c:214)
==37898==    by 0x4C38B85: setlocale (setlocale.c:414)
==37898==    by 0x1CE939: _glfwConnectX11 (in /home/susan/clui/main)
==37898==    by 0x1CEA66: _glfwSelectPlatform (in /home/susan/clui/main)
==37898==    by 0x1CF8BC: glfwInit (in /home/susan/clui/main)
==37898==    by 0x175984: InitPlatform (in /home/susan/clui/main)
==37898==    by 0x176A7B: InitWindow (in /home/susan/clui/main)
==37898==    by 0x14193F: main (main.cpp:58)
==37898== 
==37898== 112 bytes in 1 blocks are still reachable in loss record 48 of 87
==37898==    at 0x484D953: calloc (in /usr/libexec/valgrind/vgpreload_memcheck-amd64-linux.so)
==37898==    by 0x5ABD255: _XConnectXCB (in /usr/lib/x86_64-linux-gnu/libX11.so.6.4.0)
==37898==    by 0x5AAE0FD: XOpenDisplay (in /usr/lib/x86_64-linux-gnu/libX11.so.6.4.0)
==37898==    by 0x1CE8F1: _glfwConnectX11 (in /home/susan/clui/main)
==37898==    by 0x1CEA66: _glfwSelectPlatform (in /home/susan/clui/main)
==37898==    by 0x1CF8BC: glfwInit (in /home/susan/clui/main)
==37898==    by 0x175984: InitPlatform (in /home/susan/clui/main)
==37898==    by 0x176A7B: InitWindow (in /home/susan/clui/main)
==37898==    by 0x14193F: main (main.cpp:58)
==37898== 
==37898== 112 bytes in 1 blocks are still reachable in loss record 49 of 87
==37898==    at 0x484D953: calloc (in /usr/libexec/valgrind/vgpreload_memcheck-amd64-linux.so)
==37898==    by 0x5AAE751: XOpenDisplay (in /usr/lib/x86_64-linux-gnu/libX11.so.6.4.0)
==37898==    by 0x1CE8F1: _glfwConnectX11 (in /home/susan/clui/main)
==37898==    by 0x1CEA66: _glfwSelectPlatform (in /home/susan/clui/main)
==37898==    by 0x1CF8BC: glfwInit (in /home/susan/clui/main)
==37898==    by 0x175984: InitPlatform (in /home/susan/clui/main)
==37898==    by 0x176A7B: InitWindow (in /home/susan/clui/main)
==37898==    by 0x14193F: main (main.cpp:58)
==37898== 
==37898== 128 bytes in 1 blocks are still reachable in loss record 50 of 87
==37898==    at 0x484D953: calloc (in /usr/libexec/valgrind/vgpreload_memcheck-amd64-linux.so)
==37898==    by 0x5AAE67F: XOpenDisplay (in /usr/lib/x86_64-linux-gnu/libX11.so.6.4.0)
==37898==    by 0x1CE8F1: _glfwConnectX11 (in /home/susan/clui/main)
==37898==    by 0x1CEA66: _glfwSelectPlatform (in /home/susan/clui/main)
==37898==    by 0x1CF8BC: glfwInit (in /home/susan/clui/main)
==37898==    by 0x175984: InitPlatform (in /home/susan/clui/main)
==37898==    by 0x176A7B: InitWindow (in /home/susan/clui/main)
==37898==    by 0x14193F: main (main.cpp:58)
==37898== 
==37898== 128 bytes in 1 blocks are still reachable in loss record 51 of 87
==37898==    at 0x484D953: calloc (in /usr/libexec/valgrind/vgpreload_memcheck-amd64-linux.so)
==37898==    by 0x5AAB0BE: XInitExtension (in /usr/lib/x86_64-linux-gnu/libX11.so.6.4.0)
==37898==    by 0x5B20033: XkbUseExtension (in /usr/lib/x86_64-linux-gnu/libX11.so.6.4.0)
==37898==    by 0x5AAEC72: XOpenDisplay (in /usr/lib/x86_64-linux-gnu/libX11.so.6.4.0)
==37898==    by 0x1CE8F1: _glfwConnectX11 (in /home/susan/clui/main)
==37898==    by 0x1CEA66: _glfwSelectPlatform (in /home/susan/clui/main)
==37898==    by 0x1CF8BC: glfwInit (in /home/susan/clui/main)
==37898==    by 0x175984: InitPlatform (in /home/susan/clui/main)
==37898==    by 0x176A7B: InitWindow (in /home/susan/clui/main)
==37898==    by 0x14193F: main (main.cpp:58)
==37898== 
==37898== 128 bytes in 1 blocks are still reachable in loss record 52 of 87
==37898==    at 0x484D953: calloc (in /usr/libexec/valgrind/vgpreload_memcheck-amd64-linux.so)
==37898==    by 0x5AAB0BE: XInitExtension (in /usr/lib/x86_64-linux-gnu/libX11.so.6.4.0)
==37898==    by 0x5C1E83F: XextAddDisplay (in /usr/lib/x86_64-linux-gnu/libXext.so.6.4.0)
==37898==    by 0x5C12455: XF86VidModeQueryExtension (in /usr/lib/x86_64-linux-gnu/libXxf86vm.so.1.0.0)
==37898==    by 0x1D3132: _glfwInitX11 (in /home/susan/clui/main)
==37898==    by 0x1CF8D0: glfwInit (in /home/susan/clui/main)
==37898==    by 0x175984: InitPlatform (in /home/susan/clui/main)
==37898==    by 0x176A7B: InitWindow (in /home/susan/clui/main)
==37898==    by 0x14193F: main (main.cpp:58)
==37898== 
==37898== 128 bytes in 1 blocks are still reachable in loss record 53 of 87
==37898==    at 0x484D953: calloc (in /usr/libexec/valgrind/vgpreload_memcheck-amd64-linux.so)
==37898==    by 0x5AAB0BE: XInitExtension (in /usr/lib/x86_64-linux-gnu/libX11.so.6.4.0)
==37898==    by 0x5C1E83F: XextAddDisplay (in /usr/lib/x86_64-linux-gnu/libXext.so.6.4.0)
==37898==    by 0x5C1E502: ??? (in /usr/lib/x86_64-linux-gnu/libXext.so.6.4.0)
==37898==    by 0x5C1E9DF: XextAddDisplay (in /usr/lib/x86_64-linux-gnu/libXext.so.6.4.0)
==37898==    by 0x5C12455: XF86VidModeQueryExtension (in /usr/lib/x86_64-linux-gnu/libXxf86vm.so.1.0.0)
==37898==    by 0x1D3132: _glfwInitX11 (in /home/susan/clui/main)
==37898==    by 0x1CF8D0: glfwInit (in /home/susan/clui/main)
==37898==    by 0x175984: InitPlatform (in /home/susan/clui/main)
==37898==    by 0x176A7B: InitWindow (in /home/susan/clui/main)
==37898==    by 0x14193F: main (main.cpp:58)
==37898== 
==37898== 128 bytes in 1 blocks are still reachable in loss record 54 of 87
==37898==    at 0x484D953: calloc (in /usr/libexec/valgrind/vgpreload_memcheck-amd64-linux.so)
==37898==    by 0x5AAB0BE: XInitExtension (in /usr/lib/x86_64-linux-gnu/libX11.so.6.4.0)
==37898==    by 0x5C1E83F: XextAddDisplay (in /usr/lib/x86_64-linux-gnu/libXext.so.6.4.0)
==37898==    by 0x5C2FA97: ??? (in /usr/lib/x86_64-linux-gnu/libXi.so.6.1.0)
==37898==    by 0x5C3867F: XIQueryVersion (in /usr/lib/x86_64-linux-gnu/libXi.so.6.1.0)
==37898==    by 0x1D31F5: _glfwInitX11 (in /home/susan/clui/main)
==37898==    by 0x1CF8D0: glfwInit (in /home/susan/clui/main)
==37898==    by 0x175984: InitPlatform (in /home/susan/clui/main)
==37898==    by 0x176A7B: InitWindow (in /home/susan/clui/main)
==37898==    by 0x14193F: main (main.cpp:58)
==37898== 
==37898== 128 bytes in 1 blocks are still reachable in loss record 55 of 87
==37898==    at 0x484D953: calloc (in /usr/libexec/valgrind/vgpreload_memcheck-amd64-linux.so)
==37898==    by 0x5AAB0BE: XInitExtension (in /usr/lib/x86_64-linux-gnu/libX11.so.6.4.0)
==37898==    by 0x5C1E83F: XextAddDisplay (in /usr/lib/x86_64-linux-gnu/libXext.so.6.4.0)
==37898==    by 0x5C41A5F: ??? (in /usr/lib/x86_64-linux-gnu/libXrandr.so.2.2.0)
==37898==    by 0x5C42C97: XRRQueryExtension (in /usr/lib/x86_64-linux-gnu/libXrandr.so.2.2.0)
==37898==    by 0x1D341E: _glfwInitX11 (in /home/susan/clui/main)
==37898==    by 0x1CF8D0: glfwInit (in /home/susan/clui/main)
==37898==    by 0x175984: InitPlatform (in /home/susan/clui/main)
==37898==    by 0x176A7B: InitWindow (in /home/susan/clui/main)
==37898==    by 0x14193F: main (main.cpp:58)
==37898== 
==37898== 142 bytes in 4 blocks are still reachable in loss record 56 of 87
==37898==    at 0x4846828: malloc (in /usr/libexec/valgrind/vgpreload_memcheck-amd64-linux.so)
==37898==    by 0x4028ABF: malloc (rtld-malloc.h:56)
==37898==    by 0x4028ABF: strdup (strdup.c:42)
==37898==    by 0x4016A95: _dl_load_cache_lookup (dl-cache.c:515)
==37898==    by 0x40097CA: _dl_map_object (dl-load.c:2135)
==37898==    by 0x400D8DB: dl_open_worker_begin (dl-open.c:578)
==37898==    by 0x400151B: _dl_catch_exception (dl-catch.c:237)
==37898==    by 0x400CD1F: dl_open_worker (dl-open.c:803)
==37898==    by 0x400151B: _dl_catch_exception (dl-catch.c:237)
==37898==    by 0x400D163: _dl_open (dl-open.c:905)
==37898==    by 0x4C961A3: dlopen_doit (dlopen.c:56)
==37898==    by 0x400151B: _dl_catch_exception (dl-catch.c:237)
==37898==    by 0x4001668: _dl_catch_error (dl-catch.c:256)
==37898== 
==37898== 142 bytes in 4 blocks are still reachable in loss record 57 of 87
==37898==    at 0x4846828: malloc (in /usr/libexec/valgrind/vgpreload_memcheck-amd64-linux.so)
==37898==    by 0x400CA68: malloc (rtld-malloc.h:56)
==37898==    by 0x400CA68: _dl_new_object (dl-object.c:199)
==37898==    by 0x4007ABE: _dl_map_object_from_fd (dl-load.c:1053)
==37898==    by 0x4009528: _dl_map_object (dl-load.c:2268)
==37898==    by 0x400D8DB: dl_open_worker_begin (dl-open.c:578)
==37898==    by 0x400151B: _dl_catch_exception (dl-catch.c:237)
==37898==    by 0x400CD1F: dl_open_worker (dl-open.c:803)
==37898==    by 0x400151B: _dl_catch_exception (dl-catch.c:237)
==37898==    by 0x400D163: _dl_open (dl-open.c:905)
==37898==    by 0x4C961A3: dlopen_doit (dlopen.c:56)
==37898==    by 0x400151B: _dl_catch_exception (dl-catch.c:237)
==37898==    by 0x4001668: _dl_catch_error (dl-catch.c:256)
==37898== 
==37898== 144 bytes in 2 blocks are still reachable in loss record 58 of 87
==37898==    at 0x4846828: malloc (in /usr/libexec/valgrind/vgpreload_memcheck-amd64-linux.so)
==37898==    by 0x4C3EA19: _nl_make_l10nflist (l10nflist.c:242)
==37898==    by 0x4C3EB1C: _nl_make_l10nflist (l10nflist.c:285)
==37898==    by 0x4C359BE: _nl_find_locale (findlocale.c:214)
==37898==    by 0x4C38B85: setlocale (setlocale.c:414)
==37898==    by 0x1CE939: _glfwConnectX11 (in /home/susan/clui/main)
==37898==    by 0x1CEA66: _glfwSelectPlatform (in /home/susan/clui/main)
==37898==    by 0x1CF8BC: glfwInit (in /home/susan/clui/main)
==37898==    by 0x175984: InitPlatform (in /home/susan/clui/main)
==37898==    by 0x176A7B: InitWindow (in /home/susan/clui/main)
==37898==    by 0x14193F: main (main.cpp:58)
==37898== 
==37898== 152 bytes in 1 blocks are still reachable in loss record 59 of 87
==37898==    at 0x484D953: calloc (in /usr/libexec/valgrind/vgpreload_memcheck-amd64-linux.so)
==37898==    by 0x5B2021E: XkbUseExtension (in /usr/lib/x86_64-linux-gnu/libX11.so.6.4.0)
==37898==    by 0x5AAEC72: XOpenDisplay (in /usr/lib/x86_64-linux-gnu/libX11.so.6.4.0)
==37898==    by 0x1CE8F1: _glfwConnectX11 (in /home/susan/clui/main)
==37898==    by 0x1CEA66: _glfwSelectPlatform (in /home/susan/clui/main)
==37898==    by 0x1CF8BC: glfwInit (in /home/susan/clui/main)
==37898==    by 0x175984: InitPlatform (in /home/susan/clui/main)
==37898==    by 0x176A7B: InitWindow (in /home/susan/clui/main)
==37898==    by 0x14193F: main (main.cpp:58)
==37898== 
==37898== 160 bytes in 1 blocks are still reachable in loss record 60 of 87
==37898==    at 0x4846828: malloc (in /usr/libexec/valgrind/vgpreload_memcheck-amd64-linux.so)
==37898==    by 0x5A9C938: XCreateGC (in /usr/lib/x86_64-linux-gnu/libX11.so.6.4.0)
==37898==    by 0x5AAE9EC: XOpenDisplay (in /usr/lib/x86_64-linux-gnu/libX11.so.6.4.0)
==37898==    by 0x1CE8F1: _glfwConnectX11 (in /home/susan/clui/main)
==37898==    by 0x1CEA66: _glfwSelectPlatform (in /home/susan/clui/main)
==37898==    by 0x1CF8BC: glfwInit (in /home/susan/clui/main)
==37898==    by 0x175984: InitPlatform (in /home/susan/clui/main)
==37898==    by 0x176A7B: InitWindow (in /home/susan/clui/main)
==37898==    by 0x14193F: main (main.cpp:58)
==37898== 
==37898== 167 bytes in 1 blocks are still reachable in loss record 61 of 87
==37898==    at 0x4846828: malloc (in /usr/libexec/valgrind/vgpreload_memcheck-amd64-linux.so)
==37898==    by 0x4C3858A: new_composite_name (setlocale.c:170)
==37898==    by 0x4C38BE5: setlocale (setlocale.c:437)
==37898==    by 0x1CE939: _glfwConnectX11 (in /home/susan/clui/main)
==37898==    by 0x1CEA66: _glfwSelectPlatform (in /home/susan/clui/main)
==37898==    by 0x1CF8BC: glfwInit (in /home/susan/clui/main)
==37898==    by 0x175984: InitPlatform (in /home/susan/clui/main)
==37898==    by 0x176A7B: InitWindow (in /home/susan/clui/main)
==37898==    by 0x14193F: main (main.cpp:58)
==37898== 
==37898== 168 bytes in 1 blocks are still reachable in loss record 62 of 87
==37898==    at 0x484D953: calloc (in /usr/libexec/valgrind/vgpreload_memcheck-amd64-linux.so)
==37898==    by 0x5AAEB34: XOpenDisplay (in /usr/lib/x86_64-linux-gnu/libX11.so.6.4.0)
==37898==    by 0x1CE8F1: _glfwConnectX11 (in /home/susan/clui/main)
==37898==    by 0x1CEA66: _glfwSelectPlatform (in /home/susan/clui/main)
==37898==    by 0x1CF8BC: glfwInit (in /home/susan/clui/main)
==37898==    by 0x175984: InitPlatform (in /home/susan/clui/main)
==37898==    by 0x176A7B: InitWindow (in /home/susan/clui/main)
==37898==    by 0x14193F: main (main.cpp:58)
==37898== 
==37898== 192 bytes in 1 blocks are still reachable in loss record 63 of 87
==37898==    at 0x4846828: malloc (in /usr/libexec/valgrind/vgpreload_memcheck-amd64-linux.so)
==37898==    by 0x5AA5586: ??? (in /usr/lib/x86_64-linux-gnu/libX11.so.6.4.0)
==37898==    by 0x5AAE3D0: XOpenDisplay (in /usr/lib/x86_64-linux-gnu/libX11.so.6.4.0)
==37898==    by 0x1CE8F1: _glfwConnectX11 (in /home/susan/clui/main)
==37898==    by 0x1CEA66: _glfwSelectPlatform (in /home/susan/clui/main)
==37898==    by 0x1CF8BC: glfwInit (in /home/susan/clui/main)
==37898==    by 0x175984: InitPlatform (in /home/susan/clui/main)
==37898==    by 0x176A7B: InitWindow (in /home/susan/clui/main)
==37898==    by 0x14193F: main (main.cpp:58)
==37898== 
==37898== 200 bytes in 1 blocks are still reachable in loss record 64 of 87
==37898==    at 0x4846828: malloc (in /usr/libexec/valgrind/vgpreload_memcheck-amd64-linux.so)
==37898==    by 0x5C31099: ??? (in /usr/lib/x86_64-linux-gnu/libXi.so.6.1.0)
==37898==    by 0x5C386A3: XIQueryVersion (in /usr/lib/x86_64-linux-gnu/libXi.so.6.1.0)
==37898==    by 0x1D31F5: _glfwInitX11 (in /home/susan/clui/main)
==37898==    by 0x1CF8D0: glfwInit (in /home/susan/clui/main)
==37898==    by 0x175984: InitPlatform (in /home/susan/clui/main)
==37898==    by 0x176A7B: InitWindow (in /home/susan/clui/main)
==37898==    by 0x14193F: main (main.cpp:58)
==37898== 
==37898== 208 bytes in 1 blocks are still reachable in loss record 65 of 87
==37898==    at 0x4846828: malloc (in /usr/libexec/valgrind/vgpreload_memcheck-amd64-linux.so)
==37898==    by 0x5C1CAC9: ??? (in /usr/lib/x86_64-linux-gnu/libXext.so.6.4.0)
==37898==    by 0x5C1E9F6: XextAddDisplay (in /usr/lib/x86_64-linux-gnu/libXext.so.6.4.0)
==37898==    by 0x5C12455: XF86VidModeQueryExtension (in /usr/lib/x86_64-linux-gnu/libXxf86vm.so.1.0.0)
==37898==    by 0x1D3132: _glfwInitX11 (in /home/susan/clui/main)
==37898==    by 0x1CF8D0: glfwInit (in /home/susan/clui/main)
==37898==    by 0x175984: InitPlatform (in /home/susan/clui/main)
==37898==    by 0x176A7B: InitWindow (in /home/susan/clui/main)
==37898==    by 0x14193F: main (main.cpp:58)
==37898== 
==37898== 244 bytes in 7 blocks are still reachable in loss record 66 of 87
==37898==    at 0x4846828: malloc (in /usr/libexec/valgrind/vgpreload_memcheck-amd64-linux.so)
==37898==    by 0x4028ABF: malloc (rtld-malloc.h:56)
==37898==    by 0x4028ABF: strdup (strdup.c:42)
==37898==    by 0x4016A95: _dl_load_cache_lookup (dl-cache.c:515)
==37898==    by 0x40097CA: _dl_map_object (dl-load.c:2135)
==37898==    by 0x4002A2C: openaux (dl-deps.c:64)
==37898==    by 0x400151B: _dl_catch_exception (dl-catch.c:237)
==37898==    by 0x4002E66: _dl_map_object_deps (dl-deps.c:232)
==37898==    by 0x400D944: dl_open_worker_begin (dl-open.c:638)
==37898==    by 0x400151B: _dl_catch_exception (dl-catch.c:237)
==37898==    by 0x400CD1F: dl_open_worker (dl-open.c:803)
==37898==    by 0x400151B: _dl_catch_exception (dl-catch.c:237)
==37898==    by 0x400D163: _dl_open (dl-open.c:905)
==37898== 
==37898== 244 bytes in 7 blocks are still reachable in loss record 67 of 87
==37898==    at 0x4846828: malloc (in /usr/libexec/valgrind/vgpreload_memcheck-amd64-linux.so)
==37898==    by 0x400CA68: malloc (rtld-malloc.h:56)
==37898==    by 0x400CA68: _dl_new_object (dl-object.c:199)
==37898==    by 0x4007ABE: _dl_map_object_from_fd (dl-load.c:1053)
==37898==    by 0x4009528: _dl_map_object (dl-load.c:2268)
==37898==    by 0x4002A2C: openaux (dl-deps.c:64)
==37898==    by 0x400151B: _dl_catch_exception (dl-catch.c:237)
==37898==    by 0x4002E66: _dl_map_object_deps (dl-deps.c:232)
==37898==    by 0x400D944: dl_open_worker_begin (dl-open.c:638)
==37898==    by 0x400151B: _dl_catch_exception (dl-catch.c:237)
==37898==    by 0x400CD1F: dl_open_worker (dl-open.c:803)
==37898==    by 0x400151B: _dl_catch_exception (dl-catch.c:237)
==37898==    by 0x400D163: _dl_open (dl-open.c:905)
==37898== 
==37898== 304 bytes in 1 blocks are possibly lost in loss record 68 of 87
==37898==    at 0x484D953: calloc (in /usr/libexec/valgrind/vgpreload_memcheck-amd64-linux.so)
==37898==    by 0x40145AB: calloc (rtld-malloc.h:44)
==37898==    by 0x40145AB: allocate_dtv (dl-tls.c:370)
==37898==    by 0x40145AB: _dl_allocate_tls (dl-tls.c:629)
==37898==    by 0x4C9B616: allocate_stack (allocatestack.c:429)
==37898==    by 0x4C9B616: pthread_create@@GLIBC_2.34 (pthread_create.c:655)
==37898==    by 0x142805: Thread::start() (Thread.h:34)
==37898==    by 0x142AA0: LSPClient::init() (LSPClient.h:41)
==37898==    by 0x141912: main (main.cpp:54)
==37898== 
==37898== 376 bytes in 7 blocks are still reachable in loss record 69 of 87
==37898==    at 0x4846828: malloc (in /usr/libexec/valgrind/vgpreload_memcheck-amd64-linux.so)
==37898==    by 0x4002C36: malloc (rtld-malloc.h:56)
==37898==    by 0x4002C36: _dl_map_object_deps (dl-deps.c:422)
==37898==    by 0x400D944: dl_open_worker_begin (dl-open.c:638)
==37898==    by 0x400151B: _dl_catch_exception (dl-catch.c:237)
==37898==    by 0x400CD1F: dl_open_worker (dl-open.c:803)
==37898==    by 0x400151B: _dl_catch_exception (dl-catch.c:237)
==37898==    by 0x400D163: _dl_open (dl-open.c:905)
==37898==    by 0x4C961A3: dlopen_doit (dlopen.c:56)
==37898==    by 0x400151B: _dl_catch_exception (dl-catch.c:237)
==37898==    by 0x4001668: _dl_catch_error (dl-catch.c:256)
==37898==    by 0x4C95C82: _dlerror_run (dlerror.c:138)
==37898==    by 0x4C9625E: dlopen_implementation (dlopen.c:71)
==37898==    by 0x4C9625E: dlopen@@GLIBC_2.34 (dlopen.c:81)
==37898== 
==37898== 448 bytes in 7 blocks are still reachable in loss record 70 of 87
==37898==    at 0x4846828: malloc (in /usr/libexec/valgrind/vgpreload_memcheck-amd64-linux.so)
==37898==    by 0x400E150: malloc (rtld-malloc.h:56)
==37898==    by 0x400E150: resize_scopes (dl-open.c:295)
==37898==    by 0x400E150: dl_open_worker_begin (dl-open.c:728)
==37898==    by 0x400151B: _dl_catch_exception (dl-catch.c:237)
==37898==    by 0x400CD1F: dl_open_worker (dl-open.c:803)
==37898==    by 0x400151B: _dl_catch_exception (dl-catch.c:237)
==37898==    by 0x400D163: _dl_open (dl-open.c:905)
==37898==    by 0x4C961A3: dlopen_doit (dlopen.c:56)
==37898==    by 0x400151B: _dl_catch_exception (dl-catch.c:237)
==37898==    by 0x4001668: _dl_catch_error (dl-catch.c:256)
==37898==    by 0x4C95C82: _dlerror_run (dlerror.c:138)
==37898==    by 0x4C9625E: dlopen_implementation (dlopen.c:71)
==37898==    by 0x4C9625E: dlopen@@GLIBC_2.34 (dlopen.c:81)
==37898==    by 0x1C61A8: _glfwPlatformLoadModule (in /home/susan/clui/main)
==37898== 
==37898== 656 bytes in 4 blocks are still reachable in loss record 71 of 87
==37898==    at 0x4846828: malloc (in /usr/libexec/valgrind/vgpreload_memcheck-amd64-linux.so)
==37898==    by 0x400319F: malloc (rtld-malloc.h:56)
==37898==    by 0x400319F: _dl_map_object_deps (dl-deps.c:463)
==37898==    by 0x400D944: dl_open_worker_begin (dl-open.c:638)
==37898==    by 0x400151B: _dl_catch_exception (dl-catch.c:237)
==37898==    by 0x400CD1F: dl_open_worker (dl-open.c:803)
==37898==    by 0x400151B: _dl_catch_exception (dl-catch.c:237)
==37898==    by 0x400D163: _dl_open (dl-open.c:905)
==37898==    by 0x4C961A3: dlopen_doit (dlopen.c:56)
==37898==    by 0x400151B: _dl_catch_exception (dl-catch.c:237)
==37898==    by 0x4001668: _dl_catch_error (dl-catch.c:256)
==37898==    by 0x4C95C82: _dlerror_run (dlerror.c:138)
==37898==    by 0x4C9625E: dlopen_implementation (dlopen.c:71)
==37898==    by 0x4C9625E: dlopen@@GLIBC_2.34 (dlopen.c:81)
==37898== 
==37898== 792 bytes in 1 blocks are still reachable in loss record 72 of 87
==37898==    at 0x4846828: malloc (in /usr/libexec/valgrind/vgpreload_memcheck-amd64-linux.so)
==37898==    by 0x4C3663F: _nl_intern_locale_data (loadlocale.c:156)
==37898==    by 0x4C36F56: _nl_load_locale (loadlocale.c:332)
==37898==    by 0x4C3592E: _nl_find_locale (findlocale.c:237)
==37898==    by 0x4C38B85: setlocale (setlocale.c:414)
==37898==    by 0x1CE939: _glfwConnectX11 (in /home/susan/clui/main)
==37898==    by 0x1CEA66: _glfwSelectPlatform (in /home/susan/clui/main)
==37898==    by 0x1CF8BC: glfwInit (in /home/susan/clui/main)
==37898==    by 0x175984: InitPlatform (in /home/susan/clui/main)
==37898==    by 0x176A7B: InitWindow (in /home/susan/clui/main)
==37898==    by 0x14193F: main (main.cpp:58)
==37898== 
==37898== 1,024 bytes in 1 blocks are still reachable in loss record 73 of 87
==37898==    at 0x4846828: malloc (in /usr/libexec/valgrind/vgpreload_memcheck-amd64-linux.so)
==37898==    by 0x4C831B4: _IO_file_doallocate (filedoalloc.c:101)
==37898==    by 0x4C93523: _IO_doallocbuf (genops.c:347)
==37898==    by 0x4C90F8F: _IO_file_overflow@@GLIBC_2.2.5 (fileops.c:745)
==37898==    by 0x4C91AAE: _IO_new_file_xsputn (fileops.c:1244)
==37898==    by 0x4C91AAE: _IO_file_xsputn@@GLIBC_2.2.5 (fileops.c:1197)
==37898==    by 0x4C85C5C: puts (ioputs.c:40)
==37898==    by 0x141905: main (main.cpp:52)
==37898== 
==37898== 1,600 bytes in 1 blocks are still reachable in loss record 74 of 87
==37898==    at 0x484DB80: realloc (in /usr/libexec/valgrind/vgpreload_memcheck-amd64-linux.so)
==37898==    by 0x4C3E482: extend_alias_table (localealias.c:397)
==37898==    by 0x4C3E482: read_alias_file (localealias.c:309)
==37898==    by 0x4C3E679: _nl_expand_alias (localealias.c:194)
==37898==    by 0x4C35647: _nl_find_locale (findlocale.c:158)
==37898==    by 0x4C38B85: setlocale (setlocale.c:414)
==37898==    by 0x1CE939: _glfwConnectX11 (in /home/susan/clui/main)
==37898==    by 0x1CEA66: _glfwSelectPlatform (in /home/susan/clui/main)
==37898==    by 0x1CF8BC: glfwInit (in /home/susan/clui/main)
==37898==    by 0x175984: InitPlatform (in /home/susan/clui/main)
==37898==    by 0x176A7B: InitWindow (in /home/susan/clui/main)
==37898==    by 0x14193F: main (main.cpp:58)
==37898== 
==37898== 2,048 bytes in 1 blocks are still reachable in loss record 75 of 87
==37898==    at 0x484DB80: realloc (in /usr/libexec/valgrind/vgpreload_memcheck-amd64-linux.so)
==37898==    by 0x4C3E372: read_alias_file (localealias.c:329)
==37898==    by 0x4C3E679: _nl_expand_alias (localealias.c:194)
==37898==    by 0x4C35647: _nl_find_locale (findlocale.c:158)
==37898==    by 0x4C38B85: setlocale (setlocale.c:414)
==37898==    by 0x1CE939: _glfwConnectX11 (in /home/susan/clui/main)
==37898==    by 0x1CEA66: _glfwSelectPlatform (in /home/susan/clui/main)
==37898==    by 0x1CF8BC: glfwInit (in /home/susan/clui/main)
==37898==    by 0x175984: InitPlatform (in /home/susan/clui/main)
==37898==    by 0x176A7B: InitWindow (in /home/susan/clui/main)
==37898==    by 0x14193F: main (main.cpp:58)
==37898== 
==37898== 2,280 bytes in 11 blocks are still reachable in loss record 76 of 87
==37898==    at 0x484D953: calloc (in /usr/libexec/valgrind/vgpreload_memcheck-amd64-linux.so)
==37898==    by 0x401622F: calloc (rtld-malloc.h:44)
==37898==    by 0x401622F: _dl_check_map_versions (dl-version.c:280)
==37898==    by 0x400DC7C: dl_open_worker_begin (dl-open.c:646)
==37898==    by 0x400151B: _dl_catch_exception (dl-catch.c:237)
==37898==    by 0x400CD1F: dl_open_worker (dl-open.c:803)
==37898==    by 0x400151B: _dl_catch_exception (dl-catch.c:237)
==37898==    by 0x400D163: _dl_open (dl-open.c:905)
==37898==    by 0x4C961A3: dlopen_doit (dlopen.c:56)
==37898==    by 0x400151B: _dl_catch_exception (dl-catch.c:237)
==37898==    by 0x4001668: _dl_catch_error (dl-catch.c:256)
==37898==    by 0x4C95C82: _dlerror_run (dlerror.c:138)
==37898==    by 0x4C9625E: dlopen_implementation (dlopen.c:71)
==37898==    by 0x4C9625E: dlopen@@GLIBC_2.34 (dlopen.c:81)
==37898== 
==37898== 4,096 bytes in 1 blocks are still reachable in loss record 77 of 87
==37898==    at 0x484D953: calloc (in /usr/libexec/valgrind/vgpreload_memcheck-amd64-linux.so)
==37898==    by 0x5AB16D0: _XrmInternalStringToQuark (in /usr/lib/x86_64-linux-gnu/libX11.so.6.4.0)
==37898==    by 0x5AC4FC3: XrmInitialize (in /usr/lib/x86_64-linux-gnu/libX11.so.6.4.0)
==37898==    by 0x1CE8E9: _glfwConnectX11 (in /home/susan/clui/main)
==37898==    by 0x1CEA66: _glfwSelectPlatform (in /home/susan/clui/main)
==37898==    by 0x1CF8BC: glfwInit (in /home/susan/clui/main)
==37898==    by 0x175984: InitPlatform (in /home/susan/clui/main)
==37898==    by 0x176A7B: InitWindow (in /home/susan/clui/main)
==37898==    by 0x14193F: main (main.cpp:58)
==37898== 
==37898== 4,608 bytes in 2 blocks are possibly lost in loss record 78 of 87
==37898==    at 0x4846828: malloc (in /usr/libexec/valgrind/vgpreload_memcheck-amd64-linux.so)
==37898==    by 0x4004EDC: malloc (rtld-malloc.h:56)
==37898==    by 0x4004EDC: _dlfo_mappings_segment_allocate (dl-find_object.c:217)
==37898==    by 0x4004EDC: _dl_find_object_update_1 (dl-find_object.c:671)
==37898==    by 0x4004EDC: _dl_find_object_update (dl-find_object.c:805)
==37898==    by 0x400DC37: dl_open_worker_begin (dl-open.c:756)
==37898==    by 0x400151B: _dl_catch_exception (dl-catch.c:237)
==37898==    by 0x400CD1F: dl_open_worker (dl-open.c:803)
==37898==    by 0x400151B: _dl_catch_exception (dl-catch.c:237)
==37898==    by 0x400D163: _dl_open (dl-open.c:905)
==37898==    by 0x4C961A3: dlopen_doit (dlopen.c:56)
==37898==    by 0x400151B: _dl_catch_exception (dl-catch.c:237)
==37898==    by 0x4001668: _dl_catch_error (dl-catch.c:256)
==37898==    by 0x4C95C82: _dlerror_run (dlerror.c:138)
==37898==    by 0x4C9625E: dlopen_implementation (dlopen.c:71)
==37898==    by 0x4C9625E: dlopen@@GLIBC_2.34 (dlopen.c:81)
==37898== 
==37898== 4,720 bytes in 1 blocks are still reachable in loss record 79 of 87
==37898==    at 0x484D953: calloc (in /usr/libexec/valgrind/vgpreload_memcheck-amd64-linux.so)
==37898==    by 0x5AAE0C6: XOpenDisplay (in /usr/lib/x86_64-linux-gnu/libX11.so.6.4.0)
==37898==    by 0x1CE8F1: _glfwConnectX11 (in /home/susan/clui/main)
==37898==    by 0x1CEA66: _glfwSelectPlatform (in /home/susan/clui/main)
==37898==    by 0x1CF8BC: glfwInit (in /home/susan/clui/main)
==37898==    by 0x175984: InitPlatform (in /home/susan/clui/main)
==37898==    by 0x176A7B: InitWindow (in /home/susan/clui/main)
==37898==    by 0x14193F: main (main.cpp:58)
==37898== 
==37898== 5,014 bytes in 4 blocks are still reachable in loss record 80 of 87
==37898==    at 0x484D953: calloc (in /usr/libexec/valgrind/vgpreload_memcheck-amd64-linux.so)
==37898==    by 0x400C72C: calloc (rtld-malloc.h:44)
==37898==    by 0x400C72C: _dl_new_object (dl-object.c:92)
==37898==    by 0x4007ABE: _dl_map_object_from_fd (dl-load.c:1053)
==37898==    by 0x4009528: _dl_map_object (dl-load.c:2268)
==37898==    by 0x400D8DB: dl_open_worker_begin (dl-open.c:578)
==37898==    by 0x400151B: _dl_catch_exception (dl-catch.c:237)
==37898==    by 0x400CD1F: dl_open_worker (dl-open.c:803)
==37898==    by 0x400151B: _dl_catch_exception (dl-catch.c:237)
==37898==    by 0x400D163: _dl_open (dl-open.c:905)
==37898==    by 0x4C961A3: dlopen_doit (dlopen.c:56)
==37898==    by 0x400151B: _dl_catch_exception (dl-catch.c:237)
==37898==    by 0x4001668: _dl_catch_error (dl-catch.c:256)
==37898== 
==37898== 8,176 bytes in 1 blocks are still reachable in loss record 81 of 87
==37898==    at 0x4846828: malloc (in /usr/libexec/valgrind/vgpreload_memcheck-amd64-linux.so)
==37898==    by 0x5AB0085: ??? (in /usr/lib/x86_64-linux-gnu/libX11.so.6.4.0)
==37898==    by 0x5AB1849: _XrmInternalStringToQuark (in /usr/lib/x86_64-linux-gnu/libX11.so.6.4.0)
==37898==    by 0x5AC4FC3: XrmInitialize (in /usr/lib/x86_64-linux-gnu/libX11.so.6.4.0)
==37898==    by 0x1CE8E9: _glfwConnectX11 (in /home/susan/clui/main)
==37898==    by 0x1CEA66: _glfwSelectPlatform (in /home/susan/clui/main)
==37898==    by 0x1CF8BC: glfwInit (in /home/susan/clui/main)
==37898==    by 0x175984: InitPlatform (in /home/susan/clui/main)
==37898==    by 0x176A7B: InitWindow (in /home/susan/clui/main)
==37898==    by 0x14193F: main (main.cpp:58)
==37898== 
==37898== 8,770 bytes in 7 blocks are still reachable in loss record 82 of 87
==37898==    at 0x484D953: calloc (in /usr/libexec/valgrind/vgpreload_memcheck-amd64-linux.so)
==37898==    by 0x400C72C: calloc (rtld-malloc.h:44)
==37898==    by 0x400C72C: _dl_new_object (dl-object.c:92)
==37898==    by 0x4007ABE: _dl_map_object_from_fd (dl-load.c:1053)
==37898==    by 0x4009528: _dl_map_object (dl-load.c:2268)
==37898==    by 0x4002A2C: openaux (dl-deps.c:64)
==37898==    by 0x400151B: _dl_catch_exception (dl-catch.c:237)
==37898==    by 0x4002E66: _dl_map_object_deps (dl-deps.c:232)
==37898==    by 0x400D944: dl_open_worker_begin (dl-open.c:638)
==37898==    by 0x400151B: _dl_catch_exception (dl-catch.c:237)
==37898==    by 0x400CD1F: dl_open_worker (dl-open.c:803)
==37898==    by 0x400151B: _dl_catch_exception (dl-catch.c:237)
==37898==    by 0x400D163: _dl_open (dl-open.c:905)
==37898== 
==37898== 9,432 bytes in 1 blocks are still reachable in loss record 83 of 87
==37898==    at 0x484DB80: realloc (in /usr/libexec/valgrind/vgpreload_memcheck-amd64-linux.so)
==37898==    by 0x5BCA678: xcb_connect_to_fd (in /usr/lib/x86_64-linux-gnu/libxcb.so.1.1.0)
==37898==    by 0x5BCAA5D: xcb_connect_to_display_with_auth_info (in /usr/lib/x86_64-linux-gnu/libxcb.so.1.1.0)
==37898==    by 0x5ABD3C9: _XConnectXCB (in /usr/lib/x86_64-linux-gnu/libX11.so.6.4.0)
==37898==    by 0x5AAE0FD: XOpenDisplay (in /usr/lib/x86_64-linux-gnu/libX11.so.6.4.0)
==37898==    by 0x1CE8F1: _glfwConnectX11 (in /home/susan/clui/main)
==37898==    by 0x1CEA66: _glfwSelectPlatform (in /home/susan/clui/main)
==37898==    by 0x1CF8BC: glfwInit (in /home/susan/clui/main)
==37898==    by 0x175984: InitPlatform (in /home/susan/clui/main)
==37898==    by 0x176A7B: InitWindow (in /home/susan/clui/main)
==37898==    by 0x14193F: main (main.cpp:58)
==37898== 
==37898== 16,384 bytes in 1 blocks are still reachable in loss record 84 of 87
==37898==    at 0x484D953: calloc (in /usr/libexec/valgrind/vgpreload_memcheck-amd64-linux.so)
==37898==    by 0x5AAE42D: XOpenDisplay (in /usr/lib/x86_64-linux-gnu/libX11.so.6.4.0)
==37898==    by 0x1CE8F1: _glfwConnectX11 (in /home/susan/clui/main)
==37898==    by 0x1CEA66: _glfwSelectPlatform (in /home/susan/clui/main)
==37898==    by 0x1CF8BC: glfwInit (in /home/susan/clui/main)
==37898==    by 0x175984: InitPlatform (in /home/susan/clui/main)
==37898==    by 0x176A7B: InitWindow (in /home/susan/clui/main)
==37898==    by 0x14193F: main (main.cpp:58)
==37898== 
==37898== 21,176 bytes in 1 blocks are still reachable in loss record 85 of 87
==37898==    at 0x484D953: calloc (in /usr/libexec/valgrind/vgpreload_memcheck-amd64-linux.so)
==37898==    by 0x5BCA396: xcb_connect_to_fd (in /usr/lib/x86_64-linux-gnu/libxcb.so.1.1.0)
==37898==    by 0x5BCAA5D: xcb_connect_to_display_with_auth_info (in /usr/lib/x86_64-linux-gnu/libxcb.so.1.1.0)
==37898==    by 0x5ABD3C9: _XConnectXCB (in /usr/lib/x86_64-linux-gnu/libX11.so.6.4.0)
==37898==    by 0x5AAE0FD: XOpenDisplay (in /usr/lib/x86_64-linux-gnu/libX11.so.6.4.0)
==37898==    by 0x1CE8F1: _glfwConnectX11 (in /home/susan/clui/main)
==37898==    by 0x1CEA66: _glfwSelectPlatform (in /home/susan/clui/main)
==37898==    by 0x1CF8BC: glfwInit (in /home/susan/clui/main)
==37898==    by 0x175984: InitPlatform (in /home/susan/clui/main)
==37898==    by 0x176A7B: InitWindow (in /home/susan/clui/main)
==37898==    by 0x14193F: main (main.cpp:58)
==37898== 
==37898== 21,504 bytes in 2 blocks are still reachable in loss record 86 of 87
==37898==    at 0x484D953: calloc (in /usr/libexec/valgrind/vgpreload_memcheck-amd64-linux.so)
==37898==    by 0x5AAE7E0: XOpenDisplay (in /usr/lib/x86_64-linux-gnu/libX11.so.6.4.0)
==37898==    by 0x1CE8F1: _glfwConnectX11 (in /home/susan/clui/main)
==37898==    by 0x1CEA66: _glfwSelectPlatform (in /home/susan/clui/main)
==37898==    by 0x1CF8BC: glfwInit (in /home/susan/clui/main)
==37898==    by 0x175984: InitPlatform (in /home/susan/clui/main)
==37898==    by 0x176A7B: InitWindow (in /home/susan/clui/main)
==37898==    by 0x14193F: main (main.cpp:58)
==37898== 
==37898== 73,728 bytes in 1 blocks are still reachable in loss record 87 of 87
==37898==    at 0x4846828: malloc (in /usr/libexec/valgrind/vgpreload_memcheck-amd64-linux.so)
==37898==    by 0x492038E: ??? (in /usr/lib/x86_64-linux-gnu/libstdc++.so.6.0.33)
==37898==    by 0x400571E: call_init.part.0 (dl-init.c:74)
==37898==    by 0x4005823: call_init (dl-init.c:120)
==37898==    by 0x4005823: _dl_init (dl-init.c:121)
==37898==    by 0x401F59F: ??? (in /usr/lib/x86_64-linux-gnu/ld-linux-x86-64.so.2)
==37898== 
==37898== LEAK SUMMARY:
==37898==    definitely lost: 0 bytes in 0 blocks
==37898==    indirectly lost: 0 bytes in 0 blocks
==37898==      possibly lost: 4,912 bytes in 3 blocks
==37898==    still reachable: 186,870 bytes in 140 blocks
==37898==         suppressed: 0 bytes in 0 blocks
==37898== 
==37898== For lists of detected and suppressed errors, rerun with: -s
==37898== ERROR SUMMARY: 2 errors from 2 contexts (suppressed: 0 from 0)
